<?xml version="1.0" encoding="UTF-8"?>
<!-- Generated by org.testng.reporters.JUnitReportReporter -->
<testsuite hostname="Mitchels-MacBook-Pro.local" failures="0" tests="3" name="com.qa.runners.MyNexus5XTestNGRunnerTest" time="14.331" errors="0" timestamp="2021-07-16T15:58:23 BST" skipped="0">
  <testcase classname="com.qa.runners.MyNexus5XTestNGRunnerTest" name="scenario" time="5.197"/>
  <system-out/>
  <testcase classname="com.qa.runners.MyNexus5XTestNGRunnerTest" name="scenario" time="3.747"/>
  <system-out/>
  <testcase classname="com.qa.runners.MyNexus5XTestNGRunnerTest" name="scenario" time="5.387"/>
  <system-out/>
</testsuite> <!-- com.qa.runners.MyNexus5XTestNGRunnerTest -->
