<?xml version="1.0" encoding="UTF-8"?>
<!-- Generated by org.testng.reporters.JUnitReportReporter -->
<testsuite hostname="Mitchels-MacBook-Pro.local" failures="0" tests="3" name="com.qa.runners.MyTestNGRunnerTest" time="26.961" errors="0" timestamp="2021-07-16T14:37:38 BST" skipped="0">
  <testcase classname="com.qa.runners.MyTestNGRunnerTest" name="scenario" time="15.948"/>
  <system-out/>
  <testcase classname="com.qa.runners.MyTestNGRunnerTest" name="scenario" time="5.244"/>
  <system-out/>
  <testcase classname="com.qa.runners.MyTestNGRunnerTest" name="scenario" time="5.769"/>
  <system-out/>
</testsuite> <!-- com.qa.runners.MyTestNGRunnerTest -->
