<?xml version="1.0" encoding="UTF-8"?>
<!-- Generated by org.testng.reporters.JUnitReportReporter -->
<testsuite hostname="Mitchels-MacBook-Pro.local" failures="0" tests="3" name="com.qa.runners.MySamsungS9TestNGRunnerTest" time="27.092" errors="0" timestamp="2021-07-16T15:58:23 BST" skipped="0">
  <testcase classname="com.qa.runners.MySamsungS9TestNGRunnerTest" name="scenario" time="4.653"/>
  <system-out/>
  <testcase classname="com.qa.runners.MySamsungS9TestNGRunnerTest" name="scenario" time="16.793"/>
  <system-out/>
  <testcase classname="com.qa.runners.MySamsungS9TestNGRunnerTest" name="scenario" time="5.646"/>
  <system-out/>
</testsuite> <!-- com.qa.runners.MySamsungS9TestNGRunnerTest -->
